<?xml version="1.0" encoding="UTF-8"?>
<!-- Generated by org.testng.reporters.JUnitReportReporter -->
<testsuite skipped="0" hostname="Rohit" name="com.ScreenRecording.testCases.MyTestDemo" tests="2" failures="0" timestamp="22 Sep 2019 04:22:57 GMT" time="81.375" errors="0">
  <testcase name="navigationTest" time="42.332" classname="com.ScreenRecording.testCases.MyTestDemo"/>
  <testcase name="navigation_FeatureTest" time="39.043" classname="com.ScreenRecording.testCases.MyTestDemo"/>
</testsuite> <!-- com.ScreenRecording.testCases.MyTestDemo -->
